<?xml version="1.0" encoding="UTF-8"?>
<!-- Generated by org.testng.reporters.JUnitXMLReporter -->
<testsuite hostname="I31721" ignored="1" name="Amazon-test cases" tests="1" failures="0" timestamp="2020-04-12T13:04:52 IST" time="111.067" errors="0">
  <testcase name="checkoutProcessForLoginUser" time="102.223" classname="com.amazon.web.tests.TestCases"/>
  <testcase name="checkoutProcessForGuestUser" time="0.0" classname="com.amazon.web.tests.TestCases">
    <ignored/>
  </testcase> <!-- checkoutProcessForGuestUser -->
</testsuite> <!-- Amazon-test cases -->
